<?xml version="1.0" encoding="UTF-8"?>
<testsuite name="org.gradle.PersonTest" tests="1" skipped="0" failures="0" errors="0" timestamp="2015-10-05T11:21:07" hostname="Sebastians_VAIO" time="0.023">
  <properties/>
  <testcase name="canConstructAPersonWithAName" classname="org.gradle.PersonTest" time="0.023"/>
  <system-out><![CDATA[]]></system-out>
  <system-err><![CDATA[]]></system-err>
</testsuite>
