<?xml version="1.0" encoding="UTF-8"?>
<testsuite name="org.gradle.TicTacToeTest" tests="8" skipped="0" failures="0" errors="0" timestamp="2015-10-04T21:10:01" hostname="Sebastian-PC" time="0.002">
  <properties/>
  <testcase name="testBoardInitiallyEmpty" classname="org.gradle.TicTacToeTest" time="0.0"/>
  <testcase name="testVictorDecidedColumnVictory" classname="org.gradle.TicTacToeTest" time="0.001"/>
  <testcase name="testVictorDecidedDiagonal1Victory" classname="org.gradle.TicTacToeTest" time="0.0"/>
  <testcase name="testVictorDecidedDiagonal2Victory" classname="org.gradle.TicTacToeTest" time="0.0"/>
  <testcase name="testStartAITurn" classname="org.gradle.TicTacToeTest" time="0.001"/>
  <testcase name="testIsATie" classname="org.gradle.TicTacToeTest" time="0.0"/>
  <testcase name="testVictorDecidedRowVictory" classname="org.gradle.TicTacToeTest" time="0.0"/>
  <testcase name="testVictorDecidedWithNoVictor" classname="org.gradle.TicTacToeTest" time="0.0"/>
  <system-out><![CDATA[-, O, X
O, O, X
O, X, X
Player has won.
O, X, -
X, O, O
X, X, O
The AI has won.
O, X, X
X, X, O
X, O, O
Player has won.
O, X, X
O, X, O
X, O, O
The game is a tie.
-, X, X
O, O, O
X, X, O
The AI has won.
]]></system-out>
  <system-err><![CDATA[]]></system-err>
</testsuite>
