<?xml version="1.0" encoding="UTF-8"?>
<testsuite name="lol.HamsterBreedingSimulationTest" tests="4" skipped="0" failures="0" errors="0" timestamp="2015-10-21T13:41:17" hostname="Sebastian-PC" time="0.002">
  <properties/>
  <testcase name="testPopulationGrowth" classname="lol.HamsterBreedingSimulationTest" time="0.001"/>
  <testcase name="testNegativeForwarding" classname="lol.HamsterBreedingSimulationTest" time="0.001"/>
  <testcase name="testZeroForwarding" classname="lol.HamsterBreedingSimulationTest" time="0.0"/>
  <testcase name="testYearsPassed" classname="lol.HamsterBreedingSimulationTest" time="0.0"/>
  <system-out><![CDATA[]]></system-out>
  <system-err><![CDATA[]]></system-err>
</testsuite>
